<?xml version="1.0" encoding="UTF-8"?>
<testng-results skipped="0" failed="0" ignored="0" total="1" passed="1">
  <reporter-output>
    <line>
      <![CDATA[Extent Report DirectoryC:\Users\moham\BootcampProject\Amazon\target\surefire-reports\html]]>
    </line>
    <line>
      <![CDATA[clicked Signed]]>
    </line>
    <line>
      <![CDATA[entering email address]]>
    </line>
    <line>
      <![CDATA[clicked Continue]]>
    </line>
    <line>
      <![CDATA[entering password]]>
    </line>
    <line>
      <![CDATA[clicked Submit]]>
    </line>
  </reporter-output>
  <suite name="Amazon Automation Script " duration-ms="15888" started-at="2018-05-19T15:35:47Z" finished-at="2018-05-19T15:36:03Z">
    <groups>
    </groups>
    <test name="Amazon" duration-ms="15888" started-at="2018-05-19T15:35:47Z" finished-at="2018-05-19T15:36:03Z">
      <class name="testAmazon.LoginAmazon">
        <test-method status="PASS" signature="extentSetup(org.testng.ITestContext)[pri:0, instance:testAmazon.LoginAmazon@17d677df]" name="extentSetup" is-config="true" duration-ms="521" started-at="2018-05-19T15:35:46Z" finished-at="2018-05-19T15:35:47Z">
          <params>
            <param index="0">
              <value>
                <![CDATA[org.testng.TestRunner@5b1ebf56]]>
              </value>
            </param>
          </params>
          <reporter-output>
            <line>
              <![CDATA[Extent Report DirectoryC:\Users\moham\BootcampProject\Amazon\target\surefire-reports\html]]>
            </line>
          </reporter-output>
        </test-method> <!-- extentSetup -->
        <test-method status="PASS" signature="setUp(boolean, java.lang.String, java.lang.String, java.lang.String, java.lang.String, java.lang.String, java.lang.String)[pri:0, instance:testAmazon.LoginAmazon@17d677df]" name="setUp" is-config="true" duration-ms="10361" started-at="2018-05-19T15:35:47Z" finished-at="2018-05-19T15:35:57Z">
          <params>
            <param index="0">
              <value>
                <![CDATA[false]]>
              </value>
            </param>
            <param index="1">
              <value>
                <![CDATA[browserstack]]>
              </value>
            </param>
            <param index="2">
              <value>
                <![CDATA[windows]]>
              </value>
            </param>
            <param index="3">
              <value>
                <![CDATA[Sierra]]>
              </value>
            </param>
            <param index="4">
              <value>
                <![CDATA[chrome]]>
              </value>
            </param>
            <param index="5">
              <value>
                <![CDATA[53.0]]>
              </value>
            </param>
            <param index="6">
              <value>
                <![CDATA[https://www.amazon.com]]>
              </value>
            </param>
          </params>
          <reporter-output>
          </reporter-output>
        </test-method> <!-- setUp -->
        <test-method status="PASS" signature="startExtent(java.lang.reflect.Method)[pri:0, instance:testAmazon.LoginAmazon@17d677df]" name="startExtent" is-config="true" duration-ms="9" started-at="2018-05-19T15:35:57Z" finished-at="2018-05-19T15:35:57Z">
          <params>
            <param index="0">
              <value>
                <![CDATA[public void testAmazon.LoginAmazon.loginAmazon()]]>
              </value>
            </param>
          </params>
          <reporter-output>
          </reporter-output>
        </test-method> <!-- startExtent -->
        <test-method status="PASS" signature="loginAmazon()[pri:0, instance:testAmazon.LoginAmazon@17d677df]" name="loginAmazon" duration-ms="4105" started-at="2018-05-19T15:35:57Z" finished-at="2018-05-19T15:36:02Z">
          <reporter-output>
            <line>
              <![CDATA[clicked Signed]]>
            </line>
            <line>
              <![CDATA[entering email address]]>
            </line>
            <line>
              <![CDATA[clicked Continue]]>
            </line>
            <line>
              <![CDATA[entering password]]>
            </line>
            <line>
              <![CDATA[clicked Submit]]>
            </line>
          </reporter-output>
        </test-method> <!-- loginAmazon -->
        <test-method status="PASS" signature="afterClass(org.testng.ITestResult)[pri:0, instance:testAmazon.LoginAmazon@17d677df]" name="afterClass" is-config="true" duration-ms="1" started-at="2018-05-19T15:36:02Z" finished-at="2018-05-19T15:36:02Z">
          <params>
            <param index="0">
              <value>
                <![CDATA[[TestResult name=loginAmazon status=SUCCESS method=LoginAmazon.loginAmazon()[pri:0, instance:testAmazon.LoginAmazon@17d677df] output=clicked Signed]]]>
              </value>
            </param>
          </params>
          <reporter-output>
          </reporter-output>
        </test-method> <!-- afterClass -->
        <test-method status="PASS" signature="afterEachTestMethod(org.testng.ITestResult)[pri:0, instance:testAmazon.LoginAmazon@17d677df]" name="afterEachTestMethod" is-config="true" duration-ms="1376" started-at="2018-05-19T15:36:02Z" finished-at="2018-05-19T15:36:03Z">
          <params>
            <param index="0">
              <value>
                <![CDATA[[TestResult name=loginAmazon status=SUCCESS method=LoginAmazon.loginAmazon()[pri:0, instance:testAmazon.LoginAmazon@17d677df] output=clicked Signed]]]>
              </value>
            </param>
          </params>
          <reporter-output>
          </reporter-output>
        </test-method> <!-- afterEachTestMethod -->
        <test-method status="PASS" signature="afterMethod()[pri:0, instance:testAmazon.LoginAmazon@17d677df]" name="afterMethod" is-config="true" duration-ms="1" started-at="2018-05-19T15:36:03Z" finished-at="2018-05-19T15:36:03Z">
          <reporter-output>
          </reporter-output>
        </test-method> <!-- afterMethod -->
        <test-method status="PASS" signature="iTestResult(org.testng.ITestResult)[pri:0, instance:testAmazon.LoginAmazon@17d677df]" name="iTestResult" is-config="true" duration-ms="0" started-at="2018-05-19T15:36:03Z" finished-at="2018-05-19T15:36:03Z">
          <params>
            <param index="0">
              <value>
                <![CDATA[[TestResult name=loginAmazon status=SUCCESS method=LoginAmazon.loginAmazon()[pri:0, instance:testAmazon.LoginAmazon@17d677df] output=clicked Signed]]]>
              </value>
            </param>
          </params>
          <reporter-output>
          </reporter-output>
        </test-method> <!-- iTestResult -->
        <test-method status="PASS" signature="generateReport()[pri:0, instance:testAmazon.LoginAmazon@17d677df]" name="generateReport" is-config="true" duration-ms="109" started-at="2018-05-19T15:36:03Z" finished-at="2018-05-19T15:36:03Z">
          <reporter-output>
          </reporter-output>
        </test-method> <!-- generateReport -->
      </class> <!-- testAmazon.LoginAmazon -->
    </test> <!-- Amazon -->
  </suite> <!-- Amazon Automation Script  -->
</testng-results>
