<?xml version="1.0" encoding="UTF-8"?>
<testng-results skipped="0" failed="0" ignored="0" total="1" passed="1">
  <reporter-output>
    <line>
      <![CDATA[Extent Report DirectoryC:\Users\moham\BootcampProject\Amazon\target\surefire-reports\html]]>
    </line>
    <line>
      <![CDATA[clicked Signed]]>
    </line>
    <line>
      <![CDATA[entering email address]]>
    </line>
    <line>
      <![CDATA[clicked Continue]]>
    </line>
    <line>
      <![CDATA[entering password]]>
    </line>
    <line>
      <![CDATA[clicked Submit]]>
    </line>
  </reporter-output>
  <suite name="Amazon Automation Script " duration-ms="17024" started-at="2018-05-19T16:02:15Z" finished-at="2018-05-19T16:02:32Z">
    <groups>
    </groups>
    <test name="Amazon" duration-ms="17024" started-at="2018-05-19T16:02:15Z" finished-at="2018-05-19T16:02:32Z">
      <class name="testAmazon.LoginAmazon">
        <test-method status="PASS" signature="extentSetup(org.testng.ITestContext)[pri:0, instance:testAmazon.LoginAmazon@33c7e1bb]" name="extentSetup" is-config="true" duration-ms="259" started-at="2018-05-19T16:02:15Z" finished-at="2018-05-19T16:02:15Z">
          <params>
            <param index="0">
              <value>
                <![CDATA[org.testng.TestRunner@dbd8e44]]>
              </value>
            </param>
          </params>
          <reporter-output>
            <line>
              <![CDATA[Extent Report DirectoryC:\Users\moham\BootcampProject\Amazon\target\surefire-reports\html]]>
            </line>
          </reporter-output>
        </test-method> <!-- extentSetup -->
        <test-method status="PASS" signature="setUp(boolean, java.lang.String, java.lang.String, java.lang.String, java.lang.String, java.lang.String, java.lang.String)[pri:0, instance:testAmazon.LoginAmazon@33c7e1bb]" name="setUp" is-config="true" duration-ms="10107" started-at="2018-05-19T16:02:15Z" finished-at="2018-05-19T16:02:25Z">
          <params>
            <param index="0">
              <value>
                <![CDATA[false]]>
              </value>
            </param>
            <param index="1">
              <value>
                <![CDATA[browserstack]]>
              </value>
            </param>
            <param index="2">
              <value>
                <![CDATA[windows]]>
              </value>
            </param>
            <param index="3">
              <value>
                <![CDATA[Sierra]]>
              </value>
            </param>
            <param index="4">
              <value>
                <![CDATA[chrome]]>
              </value>
            </param>
            <param index="5">
              <value>
                <![CDATA[53.0]]>
              </value>
            </param>
            <param index="6">
              <value>
                <![CDATA[https://www.amazon.com]]>
              </value>
            </param>
          </params>
          <reporter-output>
          </reporter-output>
        </test-method> <!-- setUp -->
        <test-method status="PASS" signature="startExtent(java.lang.reflect.Method)[pri:0, instance:testAmazon.LoginAmazon@33c7e1bb]" name="startExtent" is-config="true" duration-ms="8" started-at="2018-05-19T16:02:25Z" finished-at="2018-05-19T16:02:25Z">
          <params>
            <param index="0">
              <value>
                <![CDATA[public void testAmazon.LoginAmazon.loginAmazon()]]>
              </value>
            </param>
          </params>
          <reporter-output>
          </reporter-output>
        </test-method> <!-- startExtent -->
        <test-method status="PASS" signature="loginAmazon()[pri:0, instance:testAmazon.LoginAmazon@33c7e1bb]" name="loginAmazon" duration-ms="4755" started-at="2018-05-19T16:02:25Z" finished-at="2018-05-19T16:02:30Z">
          <reporter-output>
            <line>
              <![CDATA[clicked Signed]]>
            </line>
            <line>
              <![CDATA[entering email address]]>
            </line>
            <line>
              <![CDATA[clicked Continue]]>
            </line>
            <line>
              <![CDATA[entering password]]>
            </line>
            <line>
              <![CDATA[clicked Submit]]>
            </line>
          </reporter-output>
        </test-method> <!-- loginAmazon -->
        <test-method status="PASS" signature="afterEachTestMethod(org.testng.ITestResult)[pri:0, instance:testAmazon.LoginAmazon@33c7e1bb]" name="afterEachTestMethod" is-config="true" duration-ms="2127" started-at="2018-05-19T16:02:30Z" finished-at="2018-05-19T16:02:32Z">
          <params>
            <param index="0">
              <value>
                <![CDATA[[TestResult name=loginAmazon status=SUCCESS method=LoginAmazon.loginAmazon()[pri:0, instance:testAmazon.LoginAmazon@33c7e1bb] output=clicked Signed]]]>
              </value>
            </param>
          </params>
          <reporter-output>
          </reporter-output>
        </test-method> <!-- afterEachTestMethod -->
        <test-method status="PASS" signature="afterClass(org.testng.ITestResult)[pri:0, instance:testAmazon.LoginAmazon@33c7e1bb]" name="afterClass" is-config="true" duration-ms="0" started-at="2018-05-19T16:02:30Z" finished-at="2018-05-19T16:02:30Z">
          <params>
            <param index="0">
              <value>
                <![CDATA[[TestResult name=loginAmazon status=SUCCESS method=LoginAmazon.loginAmazon()[pri:0, instance:testAmazon.LoginAmazon@33c7e1bb] output=clicked Signed]]]>
              </value>
            </param>
          </params>
          <reporter-output>
          </reporter-output>
        </test-method> <!-- afterClass -->
        <test-method status="PASS" signature="afterMethod()[pri:0, instance:testAmazon.LoginAmazon@33c7e1bb]" name="afterMethod" is-config="true" duration-ms="1" started-at="2018-05-19T16:02:32Z" finished-at="2018-05-19T16:02:32Z">
          <reporter-output>
          </reporter-output>
        </test-method> <!-- afterMethod -->
        <test-method status="PASS" signature="iTestResult(org.testng.ITestResult)[pri:0, instance:testAmazon.LoginAmazon@33c7e1bb]" name="iTestResult" is-config="true" duration-ms="0" started-at="2018-05-19T16:02:32Z" finished-at="2018-05-19T16:02:32Z">
          <params>
            <param index="0">
              <value>
                <![CDATA[[TestResult name=loginAmazon status=SUCCESS method=LoginAmazon.loginAmazon()[pri:0, instance:testAmazon.LoginAmazon@33c7e1bb] output=clicked Signed]]]>
              </value>
            </param>
          </params>
          <reporter-output>
          </reporter-output>
        </test-method> <!-- iTestResult -->
        <test-method status="PASS" signature="generateReport()[pri:0, instance:testAmazon.LoginAmazon@33c7e1bb]" name="generateReport" is-config="true" duration-ms="92" started-at="2018-05-19T16:02:32Z" finished-at="2018-05-19T16:02:32Z">
          <reporter-output>
          </reporter-output>
        </test-method> <!-- generateReport -->
      </class> <!-- testAmazon.LoginAmazon -->
    </test> <!-- Amazon -->
  </suite> <!-- Amazon Automation Script  -->
</testng-results>
